
> roastr-ai-frontend@1.0.0 start
> react-scripts start

(node:20551) [DEP_WEBPACK_DEV_SERVER_ON_AFTER_SETUP_MIDDLEWARE] DeprecationWarning: 'onAfterSetupMiddleware' option is deprecated. Please use the 'setupMiddlewares' option.
(Use `node --trace-deprecation ...` to show where the warning was created)
(node:20551) [DEP_WEBPACK_DEV_SERVER_ON_BEFORE_SETUP_MIDDLEWARE] DeprecationWarning: 'onBeforeSetupMiddleware' option is deprecated. Please use the 'setupMiddlewares' option.
Starting the development server...

Compiled with warnings.

Critical dependency: the request of a dependency is an expression

Search for the keywords to learn more about each warning.
To ignore, add // eslint-disable-next-line to the line before.

WARNING in ./node_modules/@supabase/realtime-js/dist/module/lib/websocket-factory.js 14:17-34
Critical dependency: the request of a dependency is an expression

webpack compiled with 1 warning
(node:20551) [DEP0060] DeprecationWarning: The `util._extend` API is deprecated. Please use Object.assign() instead.
Proxy error: Could not proxy request /api/logs?limit=50 from localhost:3001 to http://localhost:3000.
See https://nodejs.org/api/errors.html#errors_common_system_errors for more information (ECONNREFUSED).

Proxy error: Could not proxy request /api/health from localhost:3001 to http://localhost:3000.
See https://nodejs.org/api/errors.html#errors_common_system_errors for more information (ECONNREFUSED).

Proxy error: Could not proxy request /api/health from localhost:3001 to http://localhost:3000.
See https://nodejs.org/api/errors.html#errors_common_system_errors for more information (ECONNREFUSED).

Proxy error: Could not proxy request /api/logs?limit=50 from localhost:3001 to http://localhost:3000.
See https://nodejs.org/api/errors.html#errors_common_system_errors for more information (ECONNREFUSED).

Proxy error: Could not proxy request /api/user from localhost:3001 to http://localhost:3000.
See https://nodejs.org/api/errors.html#errors_common_system_errors for more information (ECONNREFUSED).

Proxy error: Could not proxy request /api/integrations from localhost:3001 to http://localhost:3000.
See https://nodejs.org/api/errors.html#errors_common_system_errors for more information (ECONNREFUSED).

Proxy error: Could not proxy request /api/usage from localhost:3001 to http://localhost:3000.
See https://nodejs.org/api/errors.html#errors_common_system_errors for more information (ECONNREFUSED).

Proxy error: Could not proxy request /api/health from localhost:3001 to http://localhost:3000.
See https://nodejs.org/api/errors.html#errors_common_system_errors for more information (ECONNREFUSED).

Proxy error: Could not proxy request /api/logs?limit=10 from localhost:3001 to http://localhost:3000.
See https://nodejs.org/api/errors.html#errors_common_system_errors for more information (ECONNREFUSED).

Proxy error: Could not proxy request /api/logs?limit=50 from localhost:3001 to http://localhost:3000.
See https://nodejs.org/api/errors.html#errors_common_system_errors for more information (ECONNREFUSED).

Proxy error: Could not proxy request /api/user from localhost:3001 to http://localhost:3000.
See https://nodejs.org/api/errors.html#errors_common_system_errors for more information (ECONNREFUSED).

Proxy error: Could not proxy request /api/integrations from localhost:3001 to http://localhost:3000.
See https://nodejs.org/api/errors.html#errors_common_system_errors for more information (ECONNREFUSED).

Proxy error: Could not proxy request /api/usage from localhost:3001 to http://localhost:3000.
See https://nodejs.org/api/errors.html#errors_common_system_errors for more information (ECONNREFUSED).

Proxy error: Could not proxy request /api/health from localhost:3001 to http://localhost:3000.
See https://nodejs.org/api/errors.html#errors_common_system_errors for more information (ECONNREFUSED).

Proxy error: Could not proxy request /api/logs?limit=10 from localhost:3001 to http://localhost:3000.
See https://nodejs.org/api/errors.html#errors_common_system_errors for more information (ECONNREFUSED).

Proxy error: Could not proxy request /api/usage from localhost:3001 to http://localhost:3000.
See https://nodejs.org/api/errors.html#errors_common_system_errors for more information (ECONNREFUSED).

Proxy error: Could not proxy request /api/user from localhost:3001 to http://localhost:3000.
See https://nodejs.org/api/errors.html#errors_common_system_errors for more information (ECONNREFUSED).

Proxy error: Could not proxy request /api/health from localhost:3001 to http://localhost:3000.
See https://nodejs.org/api/errors.html#errors_common_system_errors for more information (ECONNREFUSED).

Proxy error: Could not proxy request /api/usage from localhost:3001 to http://localhost:3000.
See https://nodejs.org/api/errors.html#errors_common_system_errors for more information (ECONNREFUSED).

Proxy error: Could not proxy request /api/user from localhost:3001 to http://localhost:3000.
See https://nodejs.org/api/errors.html#errors_common_system_errors for more information (ECONNREFUSED).

Proxy error: Could not proxy request /api/logs?limit=50 from localhost:3001 to http://localhost:3000.
See https://nodejs.org/api/errors.html#errors_common_system_errors for more information (ECONNREFUSED).

Compiling...
Compiled with warnings.

Critical dependency: the request of a dependency is an expression

Search for the keywords to learn more about each warning.
To ignore, add // eslint-disable-next-line to the line before.

WARNING in ./node_modules/@supabase/realtime-js/dist/module/lib/websocket-factory.js 14:17-34
Critical dependency: the request of a dependency is an expression

webpack compiled with 1 warning
Compiling...
Compiled with warnings.

Critical dependency: the request of a dependency is an expression

Search for the keywords to learn more about each warning.
To ignore, add // eslint-disable-next-line to the line before.

WARNING in ./node_modules/@supabase/realtime-js/dist/module/lib/websocket-factory.js 14:17-34
Critical dependency: the request of a dependency is an expression

webpack compiled with 1 warning
Compiling...
Compiled with warnings.

Critical dependency: the request of a dependency is an expression

Search for the keywords to learn more about each warning.
To ignore, add // eslint-disable-next-line to the line before.

WARNING in ./node_modules/@supabase/realtime-js/dist/module/lib/websocket-factory.js 14:17-34
Critical dependency: the request of a dependency is an expression

webpack compiled with 1 warning
Compiling...
Compiled with warnings.

Critical dependency: the request of a dependency is an expression

Search for the keywords to learn more about each warning.
To ignore, add // eslint-disable-next-line to the line before.

WARNING in ./node_modules/@supabase/realtime-js/dist/module/lib/websocket-factory.js 14:17-34
Critical dependency: the request of a dependency is an expression

webpack compiled with 1 warning
Compiling...
Compiled with warnings.

Critical dependency: the request of a dependency is an expression

Search for the keywords to learn more about each warning.
To ignore, add // eslint-disable-next-line to the line before.

WARNING in ./node_modules/@supabase/realtime-js/dist/module/lib/websocket-factory.js 14:17-34
Critical dependency: the request of a dependency is an expression

webpack compiled with 1 warning
Compiling...
Compiled with warnings.

Critical dependency: the request of a dependency is an expression

Search for the keywords to learn more about each warning.
To ignore, add // eslint-disable-next-line to the line before.

WARNING in ./node_modules/@supabase/realtime-js/dist/module/lib/websocket-factory.js 14:17-34
Critical dependency: the request of a dependency is an expression

webpack compiled with 1 warning
Compiling...
Compiled with warnings.

Critical dependency: the request of a dependency is an expression

Search for the keywords to learn more about each warning.
To ignore, add // eslint-disable-next-line to the line before.

WARNING in ./node_modules/@supabase/realtime-js/dist/module/lib/websocket-factory.js 14:17-34
Critical dependency: the request of a dependency is an expression

webpack compiled with 1 warning
Compiling...
Compiled with warnings.

Critical dependency: the request of a dependency is an expression

Search for the keywords to learn more about each warning.
To ignore, add // eslint-disable-next-line to the line before.

WARNING in ./node_modules/@supabase/realtime-js/dist/module/lib/websocket-factory.js 14:17-34
Critical dependency: the request of a dependency is an expression

webpack compiled with 1 warning
Compiling...
Compiled with warnings.

Critical dependency: the request of a dependency is an expression

Search for the keywords to learn more about each warning.
To ignore, add // eslint-disable-next-line to the line before.

WARNING in ./node_modules/@supabase/realtime-js/dist/module/lib/websocket-factory.js 14:17-34
Critical dependency: the request of a dependency is an expression

webpack compiled with 1 warning
Compiling...
Compiled with warnings.

Critical dependency: the request of a dependency is an expression

Search for the keywords to learn more about each warning.
To ignore, add // eslint-disable-next-line to the line before.

WARNING in ./node_modules/@supabase/realtime-js/dist/module/lib/websocket-factory.js 14:17-34
Critical dependency: the request of a dependency is an expression

webpack compiled with 1 warning
Compiling...
Compiled with warnings.

Critical dependency: the request of a dependency is an expression

Search for the keywords to learn more about each warning.
To ignore, add // eslint-disable-next-line to the line before.

WARNING in ./node_modules/@supabase/realtime-js/dist/module/lib/websocket-factory.js 14:17-34
Critical dependency: the request of a dependency is an expression

webpack compiled with 1 warning
Compiling...
Compiled with warnings.

Critical dependency: the request of a dependency is an expression

Search for the keywords to learn more about each warning.
To ignore, add // eslint-disable-next-line to the line before.

WARNING in ./node_modules/@supabase/realtime-js/dist/module/lib/websocket-factory.js 14:17-34
Critical dependency: the request of a dependency is an expression

webpack compiled with 1 warning
Compiling...
Compiled with warnings.

Critical dependency: the request of a dependency is an expression

Search for the keywords to learn more about each warning.
To ignore, add // eslint-disable-next-line to the line before.

WARNING in ./node_modules/@supabase/realtime-js/dist/module/lib/websocket-factory.js 14:17-34
Critical dependency: the request of a dependency is an expression

webpack compiled with 1 warning
Compiling...
Compiled with warnings.

Critical dependency: the request of a dependency is an expression

Search for the keywords to learn more about each warning.
To ignore, add // eslint-disable-next-line to the line before.

WARNING in ./node_modules/@supabase/realtime-js/dist/module/lib/websocket-factory.js 14:17-34
Critical dependency: the request of a dependency is an expression

webpack compiled with 1 warning
Compiling...
Compiled with warnings.

Critical dependency: the request of a dependency is an expression

Search for the keywords to learn more about each warning.
To ignore, add // eslint-disable-next-line to the line before.

WARNING in ./node_modules/@supabase/realtime-js/dist/module/lib/websocket-factory.js 14:17-34
Critical dependency: the request of a dependency is an expression

webpack compiled with 1 warning
Compiling...
Compiled with warnings.

Critical dependency: the request of a dependency is an expression

Search for the keywords to learn more about each warning.
To ignore, add // eslint-disable-next-line to the line before.

WARNING in ./node_modules/@supabase/realtime-js/dist/module/lib/websocket-factory.js 14:17-34
Critical dependency: the request of a dependency is an expression

webpack compiled with 1 warning
Compiling...
Compiled with warnings.

Critical dependency: the request of a dependency is an expression

Search for the keywords to learn more about each warning.
To ignore, add // eslint-disable-next-line to the line before.

WARNING in ./node_modules/@supabase/realtime-js/dist/module/lib/websocket-factory.js 14:17-34
Critical dependency: the request of a dependency is an expression

webpack compiled with 1 warning
Compiling...
Compiled with warnings.

Critical dependency: the request of a dependency is an expression

Search for the keywords to learn more about each warning.
To ignore, add // eslint-disable-next-line to the line before.

WARNING in ./node_modules/@supabase/realtime-js/dist/module/lib/websocket-factory.js 14:17-34
Critical dependency: the request of a dependency is an expression

webpack compiled with 1 warning
Compiling...
Compiled with warnings.

Critical dependency: the request of a dependency is an expression

Search for the keywords to learn more about each warning.
To ignore, add // eslint-disable-next-line to the line before.

WARNING in ./node_modules/@supabase/realtime-js/dist/module/lib/websocket-factory.js 14:17-34
Critical dependency: the request of a dependency is an expression

webpack compiled with 1 warning
Compiling...
Compiled with warnings.

Critical dependency: the request of a dependency is an expression

Search for the keywords to learn more about each warning.
To ignore, add // eslint-disable-next-line to the line before.

WARNING in ./node_modules/@supabase/realtime-js/dist/module/lib/websocket-factory.js 14:17-34
Critical dependency: the request of a dependency is an expression

webpack compiled with 1 warning
Compiling...
Compiled with warnings.

Critical dependency: the request of a dependency is an expression

Search for the keywords to learn more about each warning.
To ignore, add // eslint-disable-next-line to the line before.

WARNING in ./node_modules/@supabase/realtime-js/dist/module/lib/websocket-factory.js 14:17-34
Critical dependency: the request of a dependency is an expression

webpack compiled with 1 warning
Compiling...
Compiled with warnings.

Critical dependency: the request of a dependency is an expression

Search for the keywords to learn more about each warning.
To ignore, add // eslint-disable-next-line to the line before.

WARNING in ./node_modules/@supabase/realtime-js/dist/module/lib/websocket-factory.js 14:17-34
Critical dependency: the request of a dependency is an expression

webpack compiled with 1 warning
Compiling...
Compiled with warnings.

Critical dependency: the request of a dependency is an expression

Search for the keywords to learn more about each warning.
To ignore, add // eslint-disable-next-line to the line before.

WARNING in ./node_modules/@supabase/realtime-js/dist/module/lib/websocket-factory.js 14:17-34
Critical dependency: the request of a dependency is an expression

webpack compiled with 1 warning
Compiling...
Compiled with warnings.

Critical dependency: the request of a dependency is an expression

[eslint] 
src/components/Sidebar.jsx
  Line 1:17:  'useState' is defined but never used   no-unused-vars
  Line 1:27:  'useEffect' is defined but never used  no-unused-vars
  Line 15:3:  'Menu' is defined but never used       no-unused-vars
  Line 16:3:  'X' is defined but never used          no-unused-vars

Search for the keywords to learn more about each warning.
To ignore, add // eslint-disable-next-line to the line before.

WARNING in ./node_modules/@supabase/realtime-js/dist/module/lib/websocket-factory.js 14:17-34
Critical dependency: the request of a dependency is an expression

WARNING in [eslint] 
src/components/Sidebar.jsx
  Line 1:17:  'useState' is defined but never used   no-unused-vars
  Line 1:27:  'useEffect' is defined but never used  no-unused-vars
  Line 15:3:  'Menu' is defined but never used       no-unused-vars
  Line 16:3:  'X' is defined but never used          no-unused-vars

webpack compiled with 2 warnings
Compiling...
Compiled with warnings.

Critical dependency: the request of a dependency is an expression

Search for the keywords to learn more about each warning.
To ignore, add // eslint-disable-next-line to the line before.

WARNING in ./node_modules/@supabase/realtime-js/dist/module/lib/websocket-factory.js 14:17-34
Critical dependency: the request of a dependency is an expression

webpack compiled with 1 warning
Compiling...
Compiled with warnings.

Critical dependency: the request of a dependency is an expression

Search for the keywords to learn more about each warning.
To ignore, add // eslint-disable-next-line to the line before.

WARNING in ./node_modules/@supabase/realtime-js/dist/module/lib/websocket-factory.js 14:17-34
Critical dependency: the request of a dependency is an expression

webpack compiled with 1 warning
Compiling...
Compiled with warnings.

Critical dependency: the request of a dependency is an expression

Search for the keywords to learn more about each warning.
To ignore, add // eslint-disable-next-line to the line before.

WARNING in ./node_modules/@supabase/realtime-js/dist/module/lib/websocket-factory.js 14:17-34
Critical dependency: the request of a dependency is an expression

webpack compiled with 1 warning
Compiling...
Compiled with warnings.

Critical dependency: the request of a dependency is an expression

Search for the keywords to learn more about each warning.
To ignore, add // eslint-disable-next-line to the line before.

WARNING in ./node_modules/@supabase/realtime-js/dist/module/lib/websocket-factory.js 14:17-34
Critical dependency: the request of a dependency is an expression

webpack compiled with 1 warning
Compiling...
Compiled with warnings.

Critical dependency: the request of a dependency is an expression

Search for the keywords to learn more about each warning.
To ignore, add // eslint-disable-next-line to the line before.

WARNING in ./node_modules/@supabase/realtime-js/dist/module/lib/websocket-factory.js 14:17-34
Critical dependency: the request of a dependency is an expression

webpack compiled with 1 warning
Compiling...
Compiled with warnings.

Critical dependency: the request of a dependency is an expression

Search for the keywords to learn more about each warning.
To ignore, add // eslint-disable-next-line to the line before.

WARNING in ./node_modules/@supabase/realtime-js/dist/module/lib/websocket-factory.js 14:17-34
Critical dependency: the request of a dependency is an expression

webpack compiled with 1 warning
Compiling...
Compiled with warnings.

Critical dependency: the request of a dependency is an expression

Search for the keywords to learn more about each warning.
To ignore, add // eslint-disable-next-line to the line before.

WARNING in ./node_modules/@supabase/realtime-js/dist/module/lib/websocket-factory.js 14:17-34
Critical dependency: the request of a dependency is an expression

webpack compiled with 1 warning
Compiling...
Compiled with warnings.

Critical dependency: the request of a dependency is an expression

Search for the keywords to learn more about each warning.
To ignore, add // eslint-disable-next-line to the line before.

WARNING in ./node_modules/@supabase/realtime-js/dist/module/lib/websocket-factory.js 14:17-34
Critical dependency: the request of a dependency is an expression

webpack compiled with 1 warning
Compiling...
Compiled with warnings.

Critical dependency: the request of a dependency is an expression

Search for the keywords to learn more about each warning.
To ignore, add // eslint-disable-next-line to the line before.

WARNING in ./node_modules/@supabase/realtime-js/dist/module/lib/websocket-factory.js 14:17-34
Critical dependency: the request of a dependency is an expression

webpack compiled with 1 warning
Compiling...
Compiled with warnings.

Critical dependency: the request of a dependency is an expression

Search for the keywords to learn more about each warning.
To ignore, add // eslint-disable-next-line to the line before.

WARNING in ./node_modules/@supabase/realtime-js/dist/module/lib/websocket-factory.js 14:17-34
Critical dependency: the request of a dependency is an expression

webpack compiled with 1 warning
Compiling...
Compiled with warnings.

Critical dependency: the request of a dependency is an expression

Search for the keywords to learn more about each warning.
To ignore, add // eslint-disable-next-line to the line before.

WARNING in ./node_modules/@supabase/realtime-js/dist/module/lib/websocket-factory.js 14:17-34
Critical dependency: the request of a dependency is an expression

webpack compiled with 1 warning
Compiling...
Compiled with warnings.

Critical dependency: the request of a dependency is an expression

Search for the keywords to learn more about each warning.
To ignore, add // eslint-disable-next-line to the line before.

WARNING in ./node_modules/@supabase/realtime-js/dist/module/lib/websocket-factory.js 14:17-34
Critical dependency: the request of a dependency is an expression

webpack compiled with 1 warning
Compiling...
Compiled with warnings.

Critical dependency: the request of a dependency is an expression

Search for the keywords to learn more about each warning.
To ignore, add // eslint-disable-next-line to the line before.

WARNING in ./node_modules/@supabase/realtime-js/dist/module/lib/websocket-factory.js 14:17-34
Critical dependency: the request of a dependency is an expression

webpack compiled with 1 warning
Compiling...
Compiled with warnings.

Critical dependency: the request of a dependency is an expression

Search for the keywords to learn more about each warning.
To ignore, add // eslint-disable-next-line to the line before.

WARNING in ./node_modules/@supabase/realtime-js/dist/module/lib/websocket-factory.js 14:17-34
Critical dependency: the request of a dependency is an expression

webpack compiled with 1 warning
Compiling...
Compiled with warnings.

Critical dependency: the request of a dependency is an expression

Search for the keywords to learn more about each warning.
To ignore, add // eslint-disable-next-line to the line before.

WARNING in ./node_modules/@supabase/realtime-js/dist/module/lib/websocket-factory.js 14:17-34
Critical dependency: the request of a dependency is an expression

webpack compiled with 1 warning
Compiling...
Compiled with warnings.

Critical dependency: the request of a dependency is an expression

Search for the keywords to learn more about each warning.
To ignore, add // eslint-disable-next-line to the line before.

WARNING in ./node_modules/@supabase/realtime-js/dist/module/lib/websocket-factory.js 14:17-34
Critical dependency: the request of a dependency is an expression

webpack compiled with 1 warning
Compiling...
Compiled with warnings.

Critical dependency: the request of a dependency is an expression

Search for the keywords to learn more about each warning.
To ignore, add // eslint-disable-next-line to the line before.

WARNING in ./node_modules/@supabase/realtime-js/dist/module/lib/websocket-factory.js 14:17-34
Critical dependency: the request of a dependency is an expression

webpack compiled with 1 warning
Compiling...
Compiled with warnings.

Critical dependency: the request of a dependency is an expression

Search for the keywords to learn more about each warning.
To ignore, add // eslint-disable-next-line to the line before.

WARNING in ./node_modules/@supabase/realtime-js/dist/module/lib/websocket-factory.js 14:17-34
Critical dependency: the request of a dependency is an expression

webpack compiled with 1 warning
Compiling...
Compiled with warnings.

Critical dependency: the request of a dependency is an expression

Search for the keywords to learn more about each warning.
To ignore, add // eslint-disable-next-line to the line before.

WARNING in ./node_modules/@supabase/realtime-js/dist/module/lib/websocket-factory.js 14:17-34
Critical dependency: the request of a dependency is an expression

webpack compiled with 1 warning
Compiling...
Compiled with warnings.

Critical dependency: the request of a dependency is an expression

Search for the keywords to learn more about each warning.
To ignore, add // eslint-disable-next-line to the line before.

WARNING in ./node_modules/@supabase/realtime-js/dist/module/lib/websocket-factory.js 14:17-34
Critical dependency: the request of a dependency is an expression

webpack compiled with 1 warning
Compiling...
Compiled with warnings.

Critical dependency: the request of a dependency is an expression

Search for the keywords to learn more about each warning.
To ignore, add // eslint-disable-next-line to the line before.

WARNING in ./node_modules/@supabase/realtime-js/dist/module/lib/websocket-factory.js 14:17-34
Critical dependency: the request of a dependency is an expression

webpack compiled with 1 warning
Proxy error: Could not proxy request /api/health from localhost:3001 to http://localhost:3000.
See https://nodejs.org/api/errors.html#errors_common_system_errors for more information (ECONNREFUSED).

Proxy error: Could not proxy request /api/logs?limit=50 from localhost:3001 to http://localhost:3000.
See https://nodejs.org/api/errors.html#errors_common_system_errors for more information (ECONNREFUSED).

Proxy error: Could not proxy request /api/logs?limit=50 from localhost:3001 to http://localhost:3000.
See https://nodejs.org/api/errors.html#errors_common_system_errors for more information (ECONNREFUSED).

Proxy error: Could not proxy request /api/health from localhost:3001 to http://localhost:3000.
See https://nodejs.org/api/errors.html#errors_common_system_errors for more information (ECONNREFUSED).

Proxy error: Could not proxy request /api/logs?limit=50 from localhost:3001 to http://localhost:3000.
See https://nodejs.org/api/errors.html#errors_common_system_errors for more information (ECONNREFUSED).

Proxy error: Could not proxy request /api/integrations from localhost:3001 to http://localhost:3000.
See https://nodejs.org/api/errors.html#errors_common_system_errors for more information (ECONNREFUSED).

Proxy error: Could not proxy request /api/integrations from localhost:3001 to http://localhost:3000.
See https://nodejs.org/api/errors.html#errors_common_system_errors for more information (ECONNREFUSED).

Proxy error: Could not proxy request /api/config from localhost:3001 to http://localhost:3000.
See https://nodejs.org/api/errors.html#errors_common_system_errors for more information (ECONNREFUSED).

Proxy error: Could not proxy request /api/config from localhost:3001 to http://localhost:3000.
See https://nodejs.org/api/errors.html#errors_common_system_errors for more information (ECONNREFUSED).

Proxy error: Could not proxy request /api/approval/pending?limit=20&offset=0 from localhost:3001 to http://localhost:3000.
See https://nodejs.org/api/errors.html#errors_common_system_errors for more information (ECONNREFUSED).

Proxy error: Could not proxy request /api/approval/stats from localhost:3001 to http://localhost:3000.
See https://nodejs.org/api/errors.html#errors_common_system_errors for more information (ECONNREFUSED).

Proxy error: Could not proxy request /api/approval/pending?limit=20&offset=0 from localhost:3001 to http://localhost:3000.
See https://nodejs.org/api/errors.html#errors_common_system_errors for more information (ECONNREFUSED).

Proxy error: Could not proxy request /api/approval/stats from localhost:3001 to http://localhost:3000.
See https://nodejs.org/api/errors.html#errors_common_system_errors for more information (ECONNREFUSED).

Compiling...
Compiled with warnings.

Critical dependency: the request of a dependency is an expression

Search for the keywords to learn more about each warning.
To ignore, add // eslint-disable-next-line to the line before.

WARNING in ./node_modules/@supabase/realtime-js/dist/module/lib/websocket-factory.js 14:17-34
Critical dependency: the request of a dependency is an expression

webpack compiled with 1 warning
Compiling...
Compiled with warnings.

Critical dependency: the request of a dependency is an expression

Search for the keywords to learn more about each warning.
To ignore, add // eslint-disable-next-line to the line before.

WARNING in ./node_modules/@supabase/realtime-js/dist/module/lib/websocket-factory.js 14:17-34
Critical dependency: the request of a dependency is an expression

webpack compiled with 1 warning
Compiling...
Compiled with warnings.

Critical dependency: the request of a dependency is an expression

Search for the keywords to learn more about each warning.
To ignore, add // eslint-disable-next-line to the line before.

WARNING in ./node_modules/@supabase/realtime-js/dist/module/lib/websocket-factory.js 14:17-34
Critical dependency: the request of a dependency is an expression

webpack compiled with 1 warning
Compiling...
Compiled with warnings.

Critical dependency: the request of a dependency is an expression

Search for the keywords to learn more about each warning.
To ignore, add // eslint-disable-next-line to the line before.

WARNING in ./node_modules/@supabase/realtime-js/dist/module/lib/websocket-factory.js 14:17-34
Critical dependency: the request of a dependency is an expression

webpack compiled with 1 warning
Compiling...
Compiled with warnings.

Critical dependency: the request of a dependency is an expression

[eslint] 
src/pages/PlanPicker.jsx
  Line 33:6:  React Hook useEffect has missing dependencies: 'fetchCurrentPlan' and 'fetchPlansData'. Either include them or remove the dependency array  react-hooks/exhaustive-deps

Search for the keywords to learn more about each warning.
To ignore, add // eslint-disable-next-line to the line before.

WARNING in ./node_modules/@supabase/realtime-js/dist/module/lib/websocket-factory.js 14:17-34
Critical dependency: the request of a dependency is an expression

WARNING in [eslint] 
src/pages/PlanPicker.jsx
  Line 33:6:  React Hook useEffect has missing dependencies: 'fetchCurrentPlan' and 'fetchPlansData'. Either include them or remove the dependency array  react-hooks/exhaustive-deps

webpack compiled with 2 warnings
Compiling...
Failed to compile.

[eslint] 
src/pages/PlanPicker.jsx
Syntax error: Unexpected token, expected ":" (228:10) (228:10)
WARNING in ./node_modules/@supabase/realtime-js/dist/module/lib/websocket-factory.js 14:17-34
Critical dependency: the request of a dependency is an expression

ERROR in ./src/pages/PlanPicker.jsx
Module build failed (from ./node_modules/babel-loader/lib/index.js):
SyntaxError: /Users/emiliopostigo/roastr-ai/frontend/src/pages/PlanPicker.jsx: Unexpected token, expected ":" (228:10)

  226 |             </Card>
  227 |           );
> 228 |         })}
      |           ^
  229 |       </div>
  230 |
  231 |       {/* Style Profile Feature Highlight */}
    at constructor (/Users/emiliopostigo/roastr-ai/frontend/node_modules/@babel/parser/lib/index.js:367:19)
    at FlowParserMixin.raise (/Users/emiliopostigo/roastr-ai/frontend/node_modules/@babel/parser/lib/index.js:6630:19)
    at FlowParserMixin.unexpected (/Users/emiliopostigo/roastr-ai/frontend/node_modules/@babel/parser/lib/index.js:6650:16)
    at FlowParserMixin.expect (/Users/emiliopostigo/roastr-ai/frontend/node_modules/@babel/parser/lib/index.js:6930:12)
    at FlowParserMixin.parseConditional (/Users/emiliopostigo/roastr-ai/frontend/node_modules/@babel/parser/lib/index.js:3046:10)
    at FlowParserMixin.parseMaybeConditional (/Users/emiliopostigo/roastr-ai/frontend/node_modules/@babel/parser/lib/index.js:10885:17)
    at FlowParserMixin.parseMaybeAssign (/Users/emiliopostigo/roastr-ai/frontend/node_modules/@babel/parser/lib/index.js:10831:21)
    at FlowParserMixin.parseMaybeAssign (/Users/emiliopostigo/roastr-ai/frontend/node_modules/@babel/parser/lib/index.js:3582:18)
    at FlowParserMixin.parseExpressionBase (/Users/emiliopostigo/roastr-ai/frontend/node_modules/@babel/parser/lib/index.js:10784:23)
    at /Users/emiliopostigo/roastr-ai/frontend/node_modules/@babel/parser/lib/index.js:10780:39
    at FlowParserMixin.allowInAnd (/Users/emiliopostigo/roastr-ai/frontend/node_modules/@babel/parser/lib/index.js:12432:12)
    at FlowParserMixin.parseExpression (/Users/emiliopostigo/roastr-ai/frontend/node_modules/@babel/parser/lib/index.js:10780:17)
    at FlowParserMixin.jsxParseExpressionContainer (/Users/emiliopostigo/roastr-ai/frontend/node_modules/@babel/parser/lib/index.js:4665:31)
    at FlowParserMixin.jsxParseElementAt (/Users/emiliopostigo/roastr-ai/frontend/node_modules/@babel/parser/lib/index.js:4744:36)
    at FlowParserMixin.jsxParseElementAt (/Users/emiliopostigo/roastr-ai/frontend/node_modules/@babel/parser/lib/index.js:4731:32)
    at FlowParserMixin.jsxParseElement (/Users/emiliopostigo/roastr-ai/frontend/node_modules/@babel/parser/lib/index.js:4782:17)
    at FlowParserMixin.parseExprAtom (/Users/emiliopostigo/roastr-ai/frontend/node_modules/@babel/parser/lib/index.js:4792:19)
    at FlowParserMixin.parseExprSubscripts (/Users/emiliopostigo/roastr-ai/frontend/node_modules/@babel/parser/lib/index.js:11081:23)
    at FlowParserMixin.parseUpdate (/Users/emiliopostigo/roastr-ai/frontend/node_modules/@babel/parser/lib/index.js:11066:21)
    at FlowParserMixin.parseMaybeUnary (/Users/emiliopostigo/roastr-ai/frontend/node_modules/@babel/parser/lib/index.js:11046:23)
    at FlowParserMixin.parseMaybeUnaryOrPrivate (/Users/emiliopostigo/roastr-ai/frontend/node_modules/@babel/parser/lib/index.js:10899:61)
    at FlowParserMixin.parseExprOps (/Users/emiliopostigo/roastr-ai/frontend/node_modules/@babel/parser/lib/index.js:10904:23)
    at FlowParserMixin.parseMaybeConditional (/Users/emiliopostigo/roastr-ai/frontend/node_modules/@babel/parser/lib/index.js:10881:23)
    at FlowParserMixin.parseMaybeAssign (/Users/emiliopostigo/roastr-ai/frontend/node_modules/@babel/parser/lib/index.js:10831:21)
    at /Users/emiliopostigo/roastr-ai/frontend/node_modules/@babel/parser/lib/index.js:3531:39
    at FlowParserMixin.tryParse (/Users/emiliopostigo/roastr-ai/frontend/node_modules/@babel/parser/lib/index.js:6938:20)
    at FlowParserMixin.parseMaybeAssign (/Users/emiliopostigo/roastr-ai/frontend/node_modules/@babel/parser/lib/index.js:3531:18)
    at /Users/emiliopostigo/roastr-ai/frontend/node_modules/@babel/parser/lib/index.js:10800:39
    at FlowParserMixin.allowInAnd (/Users/emiliopostigo/roastr-ai/frontend/node_modules/@babel/parser/lib/index.js:12432:12)
    at FlowParserMixin.parseMaybeAssignAllowIn (/Users/emiliopostigo/roastr-ai/frontend/node_modules/@babel/parser/lib/index.js:10800:17)
    at FlowParserMixin.parseMaybeAssignAllowInOrVoidPattern (/Users/emiliopostigo/roastr-ai/frontend/node_modules/@babel/parser/lib/index.js:12499:17)
    at FlowParserMixin.parseParenAndDistinguishExpression (/Users/emiliopostigo/roastr-ai/frontend/node_modules/@babel/parser/lib/index.js:11679:28)
    at FlowParserMixin.parseParenAndDistinguishExpression (/Users/emiliopostigo/roastr-ai/frontend/node_modules/@babel/parser/lib/index.js:3624:18)
    at FlowParserMixin.parseExprAtom (/Users/emiliopostigo/roastr-ai/frontend/node_modules/@babel/parser/lib/index.js:11331:23)
    at FlowParserMixin.parseExprAtom (/Users/emiliopostigo/roastr-ai/frontend/node_modules/@babel/parser/lib/index.js:4797:20)
    at FlowParserMixin.parseExprSubscripts (/Users/emiliopostigo/roastr-ai/frontend/node_modules/@babel/parser/lib/index.js:11081:23)
    at FlowParserMixin.parseUpdate (/Users/emiliopostigo/roastr-ai/frontend/node_modules/@babel/parser/lib/index.js:11066:21)
    at FlowParserMixin.parseMaybeUnary (/Users/emiliopostigo/roastr-ai/frontend/node_modules/@babel/parser/lib/index.js:11046:23)
    at FlowParserMixin.parseMaybeUnaryOrPrivate (/Users/emiliopostigo/roastr-ai/frontend/node_modules/@babel/parser/lib/index.js:10899:61)
    at FlowParserMixin.parseExprOps (/Users/emiliopostigo/roastr-ai/frontend/node_modules/@babel/parser/lib/index.js:10904:23)
    at FlowParserMixin.parseMaybeConditional (/Users/emiliopostigo/roastr-ai/frontend/node_modules/@babel/parser/lib/index.js:10881:23)
    at FlowParserMixin.parseMaybeAssign (/Users/emiliopostigo/roastr-ai/frontend/node_modules/@babel/parser/lib/index.js:10831:21)
    at FlowParserMixin.parseMaybeAssign (/Users/emiliopostigo/roastr-ai/frontend/node_modules/@babel/parser/lib/index.js:3582:18)
    at FlowParserMixin.parseExpressionBase (/Users/emiliopostigo/roastr-ai/frontend/node_modules/@babel/parser/lib/index.js:10784:23)
    at /Users/emiliopostigo/roastr-ai/frontend/node_modules/@babel/parser/lib/index.js:10780:39
    at FlowParserMixin.allowInAnd (/Users/emiliopostigo/roastr-ai/frontend/node_modules/@babel/parser/lib/index.js:12427:16)
    at FlowParserMixin.parseExpression (/Users/emiliopostigo/roastr-ai/frontend/node_modules/@babel/parser/lib/index.js:10780:17)
    at FlowParserMixin.parseReturnStatement (/Users/emiliopostigo/roastr-ai/frontend/node_modules/@babel/parser/lib/index.js:13147:28)
    at FlowParserMixin.parseStatementContent (/Users/emiliopostigo/roastr-ai/frontend/node_modules/@babel/parser/lib/index.js:12803:21)
    at FlowParserMixin.parseStatementLike (/Users/emiliopostigo/roastr-ai/frontend/node_modules/@babel/parser/lib/index.js:12772:17)

ERROR in [eslint] 
src/pages/PlanPicker.jsx
  Line 228:10:  Parsing error: Unexpected token, expected ":" (228:10)

webpack compiled with 2 errors and 1 warning
Compiling...
Compiled with warnings.

Critical dependency: the request of a dependency is an expression

[eslint] 
src/pages/PlanPicker.jsx
  Line 33:6:  React Hook useEffect has missing dependencies: 'fetchCurrentPlan' and 'fetchPlansData'. Either include them or remove the dependency array  react-hooks/exhaustive-deps

Search for the keywords to learn more about each warning.
To ignore, add // eslint-disable-next-line to the line before.

WARNING in ./node_modules/@supabase/realtime-js/dist/module/lib/websocket-factory.js 14:17-34
Critical dependency: the request of a dependency is an expression

WARNING in [eslint] 
src/pages/PlanPicker.jsx
  Line 33:6:  React Hook useEffect has missing dependencies: 'fetchCurrentPlan' and 'fetchPlansData'. Either include them or remove the dependency array  react-hooks/exhaustive-deps

webpack compiled with 2 warnings
Compiling...
Compiled with warnings.

Critical dependency: the request of a dependency is an expression

[eslint] 
src/pages/PlanPicker.jsx
  Line 33:6:  React Hook useEffect has missing dependencies: 'fetchCurrentPlan' and 'fetchPlansData'. Either include them or remove the dependency array  react-hooks/exhaustive-deps

Search for the keywords to learn more about each warning.
To ignore, add // eslint-disable-next-line to the line before.

WARNING in ./node_modules/@supabase/realtime-js/dist/module/lib/websocket-factory.js 14:17-34
Critical dependency: the request of a dependency is an expression

WARNING in [eslint] 
src/pages/PlanPicker.jsx
  Line 33:6:  React Hook useEffect has missing dependencies: 'fetchCurrentPlan' and 'fetchPlansData'. Either include them or remove the dependency array  react-hooks/exhaustive-deps

webpack compiled with 2 warnings
Compiling...
Compiled with warnings.

Critical dependency: the request of a dependency is an expression

[eslint] 
src/pages/PlanPicker.jsx
  Line 33:6:  React Hook useEffect has missing dependencies: 'fetchCurrentPlan' and 'fetchPlansData'. Either include them or remove the dependency array  react-hooks/exhaustive-deps

Search for the keywords to learn more about each warning.
To ignore, add // eslint-disable-next-line to the line before.

WARNING in ./node_modules/@supabase/realtime-js/dist/module/lib/websocket-factory.js 14:17-34
Critical dependency: the request of a dependency is an expression

WARNING in [eslint] 
src/pages/PlanPicker.jsx
  Line 33:6:  React Hook useEffect has missing dependencies: 'fetchCurrentPlan' and 'fetchPlansData'. Either include them or remove the dependency array  react-hooks/exhaustive-deps

webpack compiled with 2 warnings
Compiling...
Compiled with warnings.

Critical dependency: the request of a dependency is an expression

[eslint] 
src/pages/PlanPicker.jsx
  Line 33:6:  React Hook useEffect has missing dependencies: 'fetchCurrentPlan' and 'fetchPlansData'. Either include them or remove the dependency array  react-hooks/exhaustive-deps

Search for the keywords to learn more about each warning.
To ignore, add // eslint-disable-next-line to the line before.

WARNING in ./node_modules/@supabase/realtime-js/dist/module/lib/websocket-factory.js 14:17-34
Critical dependency: the request of a dependency is an expression

WARNING in [eslint] 
src/pages/PlanPicker.jsx
  Line 33:6:  React Hook useEffect has missing dependencies: 'fetchCurrentPlan' and 'fetchPlansData'. Either include them or remove the dependency array  react-hooks/exhaustive-deps

webpack compiled with 2 warnings
Compiling...
Compiled with warnings.

Critical dependency: the request of a dependency is an expression

[eslint] 
src/components/TopBar.jsx
  Line 7:8:  'ThemeToggle' is defined but never used  no-unused-vars

src/pages/PlanPicker.jsx
  Line 33:6:  React Hook useEffect has missing dependencies: 'fetchCurrentPlan' and 'fetchPlansData'. Either include them or remove the dependency array  react-hooks/exhaustive-deps

Search for the keywords to learn more about each warning.
To ignore, add // eslint-disable-next-line to the line before.

WARNING in ./node_modules/@supabase/realtime-js/dist/module/lib/websocket-factory.js 14:17-34
Critical dependency: the request of a dependency is an expression

WARNING in [eslint] 
src/components/TopBar.jsx
  Line 7:8:  'ThemeToggle' is defined but never used  no-unused-vars

src/pages/PlanPicker.jsx
  Line 33:6:  React Hook useEffect has missing dependencies: 'fetchCurrentPlan' and 'fetchPlansData'. Either include them or remove the dependency array  react-hooks/exhaustive-deps

webpack compiled with 2 warnings
Compiling...
Compiled with warnings.

Critical dependency: the request of a dependency is an expression

[eslint] 
src/pages/PlanPicker.jsx
  Line 33:6:  React Hook useEffect has missing dependencies: 'fetchCurrentPlan' and 'fetchPlansData'. Either include them or remove the dependency array  react-hooks/exhaustive-deps

Search for the keywords to learn more about each warning.
To ignore, add // eslint-disable-next-line to the line before.

WARNING in ./node_modules/@supabase/realtime-js/dist/module/lib/websocket-factory.js 14:17-34
Critical dependency: the request of a dependency is an expression

WARNING in [eslint] 
src/pages/PlanPicker.jsx
  Line 33:6:  React Hook useEffect has missing dependencies: 'fetchCurrentPlan' and 'fetchPlansData'. Either include them or remove the dependency array  react-hooks/exhaustive-deps

webpack compiled with 2 warnings
Compiling...
Compiled with warnings.

Critical dependency: the request of a dependency is an expression

[eslint] 
src/pages/PlanPicker.jsx
  Line 33:6:  React Hook useEffect has missing dependencies: 'fetchCurrentPlan' and 'fetchPlansData'. Either include them or remove the dependency array  react-hooks/exhaustive-deps

Search for the keywords to learn more about each warning.
To ignore, add // eslint-disable-next-line to the line before.

WARNING in ./node_modules/@supabase/realtime-js/dist/module/lib/websocket-factory.js 14:17-34
Critical dependency: the request of a dependency is an expression

WARNING in [eslint] 
src/pages/PlanPicker.jsx
  Line 33:6:  React Hook useEffect has missing dependencies: 'fetchCurrentPlan' and 'fetchPlansData'. Either include them or remove the dependency array  react-hooks/exhaustive-deps

webpack compiled with 2 warnings
