[
  {
    "timestamp": "2025-10-12T14:29:21.764Z",
    "action": "ROLLBACK",
    "reason": "health_degraded",
    "backup": "/tmp/gdd-auto-repair-backups/2025-10-12T14-29-21-649Z"
  },
  {
    "timestamp": "2025-10-13T16:23:52.451Z",
    "action": "ROLLBACK",
    "reason": "health_degraded",
    "backup": "/tmp/gdd-auto-repair-backups/2025-10-13T16-23-52-330Z"
  },
  {
    "timestamp": "2025-11-11T09:45:23.744Z",
    "action": "ROLLBACK",
    "reason": "health_degraded",
    "backup": "/tmp/gdd-auto-repair-backups/2025-11-11T09-45-23-637Z"
  }
]